#-----------------------------------------------------------
# Vivado v2020.2 (64-bit)
# SW Build 3064766 on Wed Nov 18 09:12:45 MST 2020
# IP Build 3064653 on Wed Nov 18 14:17:31 MST 2020
# Start of session at: Thu Jul 21 19:38:46 2022
# Process ID: 47408
# Current directory: C:/Users/Om Aman Rattan Sher/OneDrive/Documents/GitHub/Image-Processing-Using-FPGAs/src/DOCUMENTATION/edge
# Command line: vivado.exe -gui_launcher_event rodinguilauncherevent44624 C:\Users\Om Aman Rattan Sher\OneDrive\Documents\GitHub\Image-Processing-Using-FPGAs\src\DOCUMENTATION\edge\edge.xpr
# Log file: C:/Users/Om Aman Rattan Sher/OneDrive/Documents/GitHub/Image-Processing-Using-FPGAs/src/DOCUMENTATION/edge/vivado.log
# Journal file: C:/Users/Om Aman Rattan Sher/OneDrive/Documents/GitHub/Image-Processing-Using-FPGAs/src/DOCUMENTATION/edge\vivado.jou
#-----------------------------------------------------------
start_gui
open_project {C:/Users/Om Aman Rattan Sher/OneDrive/Documents/GitHub/Image-Processing-Using-FPGAs/src/DOCUMENTATION/edge/edge.xpr}
INFO: [ProjectBase 1-489] The host OS only allows 260 characters in a normal path. The project is stored in a path with more than 80 characters. If you experience issues with IP, Block Designs, or files not being found, please consider moving the project to a location with a shorter path. Alternately consider using the OS subst command to map part of the path to a drive letter.
Current project path is 'C:/Users/Om Aman Rattan Sher/OneDrive/Documents/GitHub/Image-Processing-Using-FPGAs/src/DOCUMENTATION/edge'
INFO: [Project 1-313] Project file moved from 'C:/Users/Hp/edge' since last save.
WARNING: [filemgmt 56-2] Default IP Output Path : Could not find the directory 'C:/Users/Om Aman Rattan Sher/OneDrive/Documents/GitHub/Image-Processing-Using-FPGAs/src/DOCUMENTATION/edge/edge.gen/sources_1', nor could it be found using path 'C:/Users/Hp/edge/edge.gen/sources_1'.
Scanning sources...
Finished scanning sources
INFO: [IP_Flow 19-234] Refreshing IP repositories
INFO: [IP_Flow 19-1704] No user IP repositories specified
INFO: [IP_Flow 19-2313] Loaded Vivado IP repository 'D:/Xilinx/Vivado/2020.2/data/ip'.
update_compile_order -fileset sources_1
exit
INFO: [Common 17-206] Exiting Vivado at Thu Jul 21 19:42:49 2022...
