#-----------------------------------------------------------
# Vivado v2020.2 (64-bit)
# SW Build 3064766 on Wed Nov 18 09:12:45 MST 2020
# IP Build 3064653 on Wed Nov 18 14:17:31 MST 2020
# Start of session at: Thu Jul 21 19:18:45 2022
# Process ID: 46224
# Current directory: C:/Users/Om Aman Rattan Sher/OneDrive/Documents/GitHub/Image-Processing-Using-FPGAs/src/DOCUMENTATION/fgpanew
# Command line: vivado.exe -gui_launcher_event rodinguilauncherevent47604 C:\Users\Om Aman Rattan Sher\OneDrive\Documents\GitHub\Image-Processing-Using-FPGAs\src\DOCUMENTATION\fgpanew\fgpanew.xpr
# Log file: C:/Users/Om Aman Rattan Sher/OneDrive/Documents/GitHub/Image-Processing-Using-FPGAs/src/DOCUMENTATION/fgpanew/vivado.log
# Journal file: C:/Users/Om Aman Rattan Sher/OneDrive/Documents/GitHub/Image-Processing-Using-FPGAs/src/DOCUMENTATION/fgpanew\vivado.jou
#-----------------------------------------------------------
start_gui
open_project {C:/Users/Om Aman Rattan Sher/OneDrive/Documents/GitHub/Image-Processing-Using-FPGAs/src/DOCUMENTATION/fgpanew/fgpanew.xpr}
INFO: [ProjectBase 1-489] The host OS only allows 260 characters in a normal path. The project is stored in a path with more than 80 characters. If you experience issues with IP, Block Designs, or files not being found, please consider moving the project to a location with a shorter path. Alternately consider using the OS subst command to map part of the path to a drive letter.
Current project path is 'C:/Users/Om Aman Rattan Sher/OneDrive/Documents/GitHub/Image-Processing-Using-FPGAs/src/DOCUMENTATION/fgpanew'
INFO: [Project 1-313] Project file moved from 'C:/Users/Hp/fgpanew' since last save.
WARNING: [filemgmt 56-2] Default IP Output Path : Could not find the directory 'C:/Users/Om Aman Rattan Sher/OneDrive/Documents/GitHub/Image-Processing-Using-FPGAs/src/DOCUMENTATION/fgpanew/fgpanew.gen/sources_1', nor could it be found using path 'C:/Users/Hp/fgpanew/fgpanew.gen/sources_1'.
CRITICAL WARNING: [Project 1-311] Could not find the file 'C:/Users/Om Aman Rattan Sher/OneDrive/Documents/GitHub/Image-Processing-Using-FPGAs/src/DOCUMENTATION/Desktop/infile.coe', nor could it be found using path 'C:/Users/Hp/Desktop/infile.coe'.
CRITICAL WARNING: [Project 1-311] Could not find the file 'C:/Users/Om Aman Rattan Sher/OneDrive/Documents/GitHub/Image-Processing-Using-FPGAs/src/DOCUMENTATION/Desktop/outfile.txt', nor could it be found using path 'C:/Users/Hp/Desktop/outfile.txt'.
CRITICAL WARNING: [Project 1-311] Could not find the file 'C:/Users/Om Aman Rattan Sher/OneDrive/Documents/GitHub/Image-Processing-Using-FPGAs/src/DOCUMENTATION/Desktop/testoutfile.txt', nor could it be found using path 'C:/Users/Hp/Desktop/testoutfile.txt'.
CRITICAL WARNING: [Project 1-311] Could not find the file 'C:/Users/Om Aman Rattan Sher/OneDrive/Documents/GitHub/Image-Processing-Using-FPGAs/src/DOCUMENTATION/Desktop/testinfile.txt', nor could it be found using path 'C:/Users/Hp/Desktop/testinfile.txt'.
Scanning sources...
Finished scanning sources
INFO: [IP_Flow 19-234] Refreshing IP repositories
INFO: [IP_Flow 19-1704] No user IP repositories specified
INFO: [IP_Flow 19-2313] Loaded Vivado IP repository 'D:/Xilinx/Vivado/2020.2/data/ip'.
update_compile_order -fileset sources_1
exit
INFO: [Common 17-206] Exiting Vivado at Thu Jul 21 19:42:53 2022...
